[2025-12-10 16:04:37] === Starting Backup Process (20251210_160437) ===
[2025-12-10 16:04:37] Phase 1: Syncing to Local Buffer (/home/jetson/smart-home-system/backups/snapshot_buffer)...
[2025-12-10 16:05:01] Local Buffer: Smart Home System synced.
[2025-12-10 16:05:01] Phase 2: Offloading to HDD...
[2025-12-10 16:05:01] HDD detected at /mnt/hdd.
[2025-12-10 16:05:01] Syncing Buffer to HDD: /mnt/hdd/Backups/Jetson_2GB/backup/backup_20251210_160437
[2025-12-10 16:05:29] HDD Backup Successful.
[2025-12-10 16:05:29] === Backup Complete ===
[2025-12-10 16:50:11] === Starting Backup Process (20251210_165011) ===
[2025-12-10 16:50:11] Phase 1: Syncing to Local Buffer (/home/jetson/smart-home-system/backups/snapshot_buffer)...
[2025-12-10 16:50:19] Local Buffer: Smart Home System synced.
[2025-12-10 16:50:19] Phase 2: Offloading to HDD...
[2025-12-10 16:50:19] WARNING: HDD NOT DETECTED at /mnt/hdd.
[2025-12-10 16:50:19] Backup remains safely in Local Buffer: /home/jetson/smart-home-system/backups/snapshot_buffer
[2025-12-10 16:50:19] NOTIFICATION: HDD Missing - Backup completed to LOCAL BUFFER only. HDD was not found.
[2025-12-10 16:50:19] === Backup Complete ===
[2025-12-10 17:43:56] === Starting Backup Process (20251210_174356) ===
[2025-12-10 17:43:56] Phase 1: Syncing to Local Buffer (/home/jetson/smart-home-system/backups/snapshot_buffer)...
[2025-12-10 17:43:56] Local Buffer: Smart Home System synced.
[2025-12-10 17:43:56] Phase 2: Offloading to HDD...
[2025-12-10 17:43:56] HDD detected at /mnt/hdd.
[2025-12-10 17:43:56] Syncing Buffer to HDD: /mnt/hdd/Backups/Jetson_2GB/backup/backup_20251210_174356
[2025-12-10 17:44:01] HDD Backup Successful.
[2025-12-10 17:44:01] === Backup Complete ===
[2025-12-10 23:07:18] === Starting Backup Process (20251210_230718) ===
[2025-12-10 23:07:18] Phase 1: Syncing to Local Buffer (/home/jetson/smart-home-system/backups/snapshot_buffer)...
[2025-12-10 23:07:19] Local Buffer: Smart Home System synced.
[2025-12-10 23:07:19] Phase 2: Offloading to HDD...
[2025-12-10 23:07:19] HDD detected at /mnt/hdd.
[2025-12-10 23:07:19] Syncing Buffer to HDD: /mnt/hdd/Backups/Jetson_2GB/backup/backup_20251210_230718
[2025-12-10 23:07:19] CRITICAL: Sync to HDD failed.
[2025-12-10 23:07:19] NOTIFICATION: Backup Failure - Rsync to HDD failed even though mounted.
[2025-12-10 23:07:19] === Backup Complete ===
[2025-12-11 02:00:01] === Starting Backup Process (20251211_020001) ===
[2025-12-11 02:00:01] Phase 1: Syncing to Local Buffer (/home/jetson/smart-home-system/backups/snapshot_buffer)...
[2025-12-11 02:00:01] Local Buffer: Smart Home System synced.
[2025-12-11 02:00:01] Phase 2: Offloading to HDD...
[2025-12-11 02:00:01] HDD detected at /mnt/hdd.
[2025-12-11 02:00:10] Syncing Buffer to HDD: /mnt/hdd/Backups/Jetson_2GB/backup/backup_20251211_020001
[2025-12-11 02:00:34] HDD Backup Successful.
[2025-12-11 02:00:34] === Backup Complete ===
